<?xml version="1.0" encoding="UTF-8"?>
<coverage generated="1760520996516" clover="3.2.0">
  <project timestamp="1760520996516" name="All files">
    <metrics statements="46" coveredstatements="45" conditionals="20" coveredconditionals="15" methods="4" coveredmethods="4" elements="70" coveredelements="64" complexity="0" loc="46" ncloc="46" packages="1" files="1" classes="1"/>
    <file name="justify.ts" path="C:\Users\aurel\projects\justify-api\src\justify.ts">
      <metrics statements="46" coveredstatements="45" conditionals="20" coveredconditionals="15" methods="4" coveredmethods="4"/>
      <line num="1" count="1" type="stmt"/>
      <line num="6" count="1" type="cond" truecount="0" falsecount="1"/>
      <line num="7" count="2" type="stmt"/>
      <line num="8" count="2" type="stmt"/>
      <line num="10" count="2" type="stmt"/>
      <line num="11" count="7" type="stmt"/>
      <line num="12" count="7" type="stmt"/>
      <line num="15" count="7" type="stmt"/>
      <line num="16" count="73" type="stmt"/>
      <line num="17" count="73" type="cond" truecount="2" falsecount="0"/>
      <line num="18" count="73" type="cond" truecount="2" falsecount="0"/>
      <line num="19" count="68" type="stmt"/>
      <line num="20" count="68" type="stmt"/>
      <line num="21" count="5" type="stmt"/>
      <line num="24" count="7" type="stmt"/>
      <line num="25" count="7" type="stmt"/>
      <line num="27" count="7" type="cond" truecount="2" falsecount="0"/>
      <line num="28" count="2" type="stmt"/>
      <line num="29" count="2" type="cond" truecount="1" falsecount="1"/>
      <line num="30" count="2" type="stmt"/>
      <line num="32" count="55" type="stmt"/>
      <line num="33" count="5" type="stmt"/>
      <line num="34" count="5" type="cond" truecount="1" falsecount="1"/>
      <line num="35" count="5" type="stmt"/>
      <line num="36" count="5" type="stmt"/>
      <line num="38" count="5" type="cond" truecount="1" falsecount="1"/>
      <line num="39" count="0" type="stmt"/>
      <line num="41" count="5" type="stmt"/>
      <line num="42" count="5" type="stmt"/>
      <line num="43" count="55" type="stmt"/>
      <line num="44" count="55" type="cond" truecount="2" falsecount="0"/>
      <line num="45" count="50" type="cond" truecount="2" falsecount="0"/>
      <line num="46" count="50" type="stmt"/>
      <line num="47" count="50" type="cond" truecount="2" falsecount="0"/>
      <line num="50" count="5" type="stmt"/>
      <line num="54" count="7" type="stmt"/>
      <line num="57" count="2" type="stmt"/>
      <line num="63" count="1" type="cond" truecount="0" falsecount="1"/>
      <line num="64" count="2" type="stmt"/>
      <line num="65" count="2" type="stmt"/>
      <line num="66" count="2" type="stmt"/>
      <line num="68" count="2" type="stmt"/>
      <line num="69" count="2" type="stmt"/>
      <line num="70" count="2" type="stmt"/>
      <line num="71" count="2" type="stmt"/>
      <line num="74" count="2" type="stmt"/>
    </file>
  </project>
</coverage>
