{"C:\\Users\\aurel\\projects\\justify-api\\src\\justify.ts": {"path":"C:\\Users\\aurel\\projects\\justify-api\\src\\justify.ts","statementMap":{"0":{"start":{"line":6,"column":0},"end":{"line":6,"column":16}},"1":{"start":{"line":63,"column":0},"end":{"line":63,"column":16}},"2":{"start":{"line":1,"column":19},"end":{"line":1,"column":21}},"3":{"start":{"line":7,"column":26},"end":{"line":7,"column":28}},"4":{"start":{"line":8,"column":10},"end":{"line":8,"column":11}},"5":{"start":{"line":10,"column":2},"end":{"line":55,"column":3}},"6":{"start":{"line":11,"column":12},"end":{"line":11,"column":13}},"7":{"start":{"line":12,"column":18},"end":{"line":12,"column":19}},"8":{"start":{"line":15,"column":4},"end":{"line":22,"column":5}},"9":{"start":{"line":16,"column":19},"end":{"line":16,"column":34}},"10":{"start":{"line":17,"column":24},"end":{"line":17,"column":65}},"11":{"start":{"line":18,"column":6},"end":{"line":21,"column":19}},"12":{"start":{"line":19,"column":8},"end":{"line":19,"column":28}},"13":{"start":{"line":20,"column":8},"end":{"line":20,"column":12}},"14":{"start":{"line":21,"column":13},"end":{"line":21,"column":19}},"15":{"start":{"line":24,"column":22},"end":{"line":24,"column":39}},"16":{"start":{"line":25,"column":23},"end":{"line":25,"column":40}},"17":{"start":{"line":27,"column":4},"end":{"line":52,"column":5}},"18":{"start":{"line":28,"column":17},"end":{"line":28,"column":36}},"19":{"start":{"line":29,"column":6},"end":{"line":29,"column":77}},"20":{"start":{"line":29,"column":31},"end":{"line":29,"column":77}},"21":{"start":{"line":30,"column":6},"end":{"line":30,"column":23}},"22":{"start":{"line":32,"column":25},"end":{"line":32,"column":68}},"23":{"start":{"line":32,"column":52},"end":{"line":32,"column":64}},"24":{"start":{"line":33,"column":27},"end":{"line":33,"column":45}},"25":{"start":{"line":34,"column":19},"end":{"line":34,"column":44}},"26":{"start":{"line":35,"column":24},"end":{"line":35,"column":55}},"27":{"start":{"line":36,"column":18},"end":{"line":36,"column":37}},"28":{"start":{"line":38,"column":6},"end":{"line":51,"column":7}},"29":{"start":{"line":39,"column":8},"end":{"line":39,"column":75}},"30":{"start":{"line":41,"column":19},"end":{"line":41,"column":21}},"31":{"start":{"line":42,"column":8},"end":{"line":49,"column":9}},"32":{"start":{"line":42,"column":21},"end":{"line":42,"column":22}},"33":{"start":{"line":43,"column":10},"end":{"line":43,"column":31}},"34":{"start":{"line":44,"column":10},"end":{"line":48,"column":11}},"35":{"start":{"line":45,"column":28},"end":{"line":45,"column":59}},"36":{"start":{"line":46,"column":12},"end":{"line":46,"column":40}},"37":{"start":{"line":47,"column":12},"end":{"line":47,"column":35}},"38":{"start":{"line":47,"column":27},"end":{"line":47,"column":35}},"39":{"start":{"line":50,"column":8},"end":{"line":50,"column":25}},"40":{"start":{"line":54,"column":4},"end":{"line":54,"column":10}},"41":{"start":{"line":57,"column":2},"end":{"line":57,"column":15}},"42":{"start":{"line":64,"column":21},"end":{"line":64,"column":69}},"43":{"start":{"line":65,"column":21},"end":{"line":65,"column":83}},"44":{"start":{"line":65,"column":58},"end":{"line":65,"column":66}},"45":{"start":{"line":66,"column":34},"end":{"line":66,"column":36}},"46":{"start":{"line":68,"column":2},"end":{"line":72,"column":3}},"47":{"start":{"line":69,"column":18},"end":{"line":69,"column":51}},"48":{"start":{"line":70,"column":18},"end":{"line":70,"column":48}},"49":{"start":{"line":71,"column":4},"end":{"line":71,"column":41}},"50":{"start":{"line":74,"column":2},"end":{"line":74,"column":36}}},"fnMap":{"0":{"name":"justifyParagraph","decl":{"start":{"line":6,"column":16},"end":{"line":6,"column":32}},"loc":{"start":{"line":6,"column":68},"end":{"line":58,"column":1}}},"1":{"name":"(anonymous_1)","decl":{"start":{"line":32,"column":42},"end":{"line":32,"column":43}},"loc":{"start":{"line":32,"column":52},"end":{"line":32,"column":64}}},"2":{"name":"justifyText","decl":{"start":{"line":63,"column":16},"end":{"line":63,"column":27}},"loc":{"start":{"line":63,"column":61},"end":{"line":75,"column":1}}},"3":{"name":"(anonymous_3)","decl":{"start":{"line":65,"column":53},"end":{"line":65,"column":54}},"loc":{"start":{"line":65,"column":58},"end":{"line":65,"column":66}}}},"branchMap":{"0":{"loc":{"start":{"line":6,"column":50},"end":{"line":6,"column":68}},"type":"default-arg","locations":[{"start":{"line":6,"column":58},"end":{"line":6,"column":68}}]},"1":{"loc":{"start":{"line":17,"column":24},"end":{"line":17,"column":65}},"type":"cond-expr","locations":[{"start":{"line":17,"column":40},"end":{"line":17,"column":44}},{"start":{"line":17,"column":47},"end":{"line":17,"column":65}}]},"2":{"loc":{"start":{"line":18,"column":6},"end":{"line":21,"column":19}},"type":"if","locations":[{"start":{"line":18,"column":6},"end":{"line":21,"column":19}},{"start":{"line":21,"column":13},"end":{"line":21,"column":19}}]},"3":{"loc":{"start":{"line":27,"column":4},"end":{"line":52,"column":5}},"type":"if","locations":[{"start":{"line":27,"column":4},"end":{"line":52,"column":5}},{"start":{"line":31,"column":11},"end":{"line":52,"column":5}}]},"4":{"loc":{"start":{"line":29,"column":6},"end":{"line":29,"column":77}},"type":"if","locations":[{"start":{"line":29,"column":6},"end":{"line":29,"column":77}},{"start":{},"end":{}}]},"5":{"loc":{"start":{"line":34,"column":19},"end":{"line":34,"column":44}},"type":"binary-expr","locations":[{"start":{"line":34,"column":19},"end":{"line":34,"column":39}},{"start":{"line":34,"column":43},"end":{"line":34,"column":44}}]},"6":{"loc":{"start":{"line":38,"column":6},"end":{"line":51,"column":7}},"type":"if","locations":[{"start":{"line":38,"column":6},"end":{"line":51,"column":7}},{"start":{"line":40,"column":13},"end":{"line":51,"column":7}}]},"7":{"loc":{"start":{"line":44,"column":10},"end":{"line":48,"column":11}},"type":"if","locations":[{"start":{"line":44,"column":10},"end":{"line":48,"column":11}},{"start":{},"end":{}}]},"8":{"loc":{"start":{"line":45,"column":41},"end":{"line":45,"column":58}},"type":"cond-expr","locations":[{"start":{"line":45,"column":53},"end":{"line":45,"column":54}},{"start":{"line":45,"column":57},"end":{"line":45,"column":58}}]},"9":{"loc":{"start":{"line":47,"column":12},"end":{"line":47,"column":35}},"type":"if","locations":[{"start":{"line":47,"column":12},"end":{"line":47,"column":35}},{"start":{},"end":{}}]},"10":{"loc":{"start":{"line":63,"column":43},"end":{"line":63,"column":61}},"type":"default-arg","locations":[{"start":{"line":63,"column":51},"end":{"line":63,"column":61}}]}},"s":{"0":1,"1":1,"2":1,"3":2,"4":2,"5":2,"6":7,"7":7,"8":7,"9":73,"10":73,"11":73,"12":68,"13":68,"14":5,"15":7,"16":7,"17":7,"18":2,"19":2,"20":2,"21":2,"22":5,"23":55,"24":5,"25":5,"26":5,"27":5,"28":5,"29":0,"30":5,"31":5,"32":5,"33":55,"34":55,"35":50,"36":50,"37":50,"38":12,"39":5,"40":7,"41":2,"42":2,"43":2,"44":2,"45":2,"46":2,"47":2,"48":2,"49":2,"50":2},"f":{"0":2,"1":55,"2":2,"3":2},"b":{"0":[0],"1":[7,66],"2":[68,5],"3":[2,5],"4":[2,0],"5":[5,0],"6":[0,5],"7":[50,5],"8":[12,38],"9":[12,38],"10":[0]}}
}
