TN:
SF:src\justify.ts
FN:6,justifyParagraph
FN:32,(anonymous_1)
FN:63,justifyText
FN:65,(anonymous_3)
FNF:4
FNH:4
FNDA:2,justifyParagraph
FNDA:55,(anonymous_1)
FNDA:2,justifyText
FNDA:2,(anonymous_3)
DA:1,1
DA:6,1
DA:7,2
DA:8,2
DA:10,2
DA:11,7
DA:12,7
DA:15,7
DA:16,73
DA:17,73
DA:18,73
DA:19,68
DA:20,68
DA:21,5
DA:24,7
DA:25,7
DA:27,7
DA:28,2
DA:29,2
DA:30,2
DA:32,55
DA:33,5
DA:34,5
DA:35,5
DA:36,5
DA:38,5
DA:39,0
DA:41,5
DA:42,5
DA:43,55
DA:44,55
DA:45,50
DA:46,50
DA:47,50
DA:50,5
DA:54,7
DA:57,2
DA:63,1
DA:64,2
DA:65,2
DA:66,2
DA:68,2
DA:69,2
DA:70,2
DA:71,2
DA:74,2
LF:46
LH:45
BRDA:6,0,0,0
BRDA:17,1,0,7
BRDA:17,1,1,66
BRDA:18,2,0,68
BRDA:18,2,1,5
BRDA:27,3,0,2
BRDA:27,3,1,5
BRDA:29,4,0,2
BRDA:29,4,1,0
BRDA:34,5,0,5
BRDA:34,5,1,0
BRDA:38,6,0,0
BRDA:38,6,1,5
BRDA:44,7,0,50
BRDA:44,7,1,5
BRDA:45,8,0,12
BRDA:45,8,1,38
BRDA:47,9,0,12
BRDA:47,9,1,38
BRDA:63,10,0,0
BRF:20
BRH:15
end_of_record
